{"C:\\Users\\STRIDeR\\Desktop\\React\\RS_React\\src\\UI\\loader\\Loader.component.tsx": {"path":"C:\\Users\\STRIDeR\\Desktop\\React\\RS_React\\src\\UI\\loader\\Loader.component.tsx","statementMap":{"0":{"start":{"line":1,"column":0},"end":{"line":1,"column":22}},"1":{"start":{"line":3,"column":15},"end":{"line":5,"column":1}},"2":{"start":{"line":4,"column":2},"end":{"line":4,"column":40}},"3":{"start":{"line":7,"column":0},"end":{"line":7,"column":22}}},"fnMap":{"0":{"name":"(anonymous_0)","decl":{"start":{"line":3,"column":15},"end":{"line":3,"column":18}},"loc":{"start":{"line":3,"column":20},"end":{"line":5,"column":1}}}},"branchMap":{},"s":{"0":1,"1":1,"2":0,"3":1},"f":{"0":0},"b":{}}
,"C:\\Users\\STRIDeR\\Desktop\\React\\RS_React\\src\\components\\character\\CharacterComponent.tsx": {"path":"C:\\Users\\STRIDeR\\Desktop\\React\\RS_React\\src\\components\\character\\CharacterComponent.tsx","statementMap":{"0":{"start":{"line":2,"column":0},"end":{"line":2,"column":44}},"1":{"start":{"line":3,"column":0},"end":{"line":3,"column":35}},"2":{"start":{"line":4,"column":0},"end":{"line":4,"column":63}},"3":{"start":{"line":6,"column":27},"end":{"line":26,"column":1}},"4":{"start":{"line":7,"column":31},"end":{"line":7,"column":57}},"5":{"start":{"line":9,"column":21},"end":{"line":12,"column":3}},"6":{"start":{"line":10,"column":4},"end":{"line":10,"column":28}},"7":{"start":{"line":11,"column":4},"end":{"line":11,"column":31}},"8":{"start":{"line":14,"column":2},"end":{"line":25,"column":4}},"9":{"start":{"line":15,"column":58},"end":{"line":15,"column":75}},"10":{"start":{"line":28,"column":0},"end":{"line":28,"column":34}}},"fnMap":{"0":{"name":"(anonymous_1)","decl":{"start":{"line":6,"column":27},"end":{"line":6,"column":28}},"loc":{"start":{"line":6,"column":53},"end":{"line":26,"column":1}}},"1":{"name":"(anonymous_2)","decl":{"start":{"line":9,"column":21},"end":{"line":9,"column":22}},"loc":{"start":{"line":9,"column":77},"end":{"line":12,"column":3}}},"2":{"name":"(anonymous_3)","decl":{"start":{"line":15,"column":47},"end":{"line":15,"column":48}},"loc":{"start":{"line":15,"column":58},"end":{"line":15,"column":75}}}},"branchMap":{"0":{"loc":{"start":{"line":19,"column":10},"end":{"line":19,"column":null}},"type":"binary-expr","locations":[{"start":{"line":19,"column":10},"end":{"line":19,"column":18}},{"start":{"line":19,"column":22},"end":{"line":19,"column":null}}]}},"s":{"0":2,"1":2,"2":2,"3":2,"4":6,"5":6,"6":0,"7":0,"8":6,"9":0,"10":2},"f":{"0":6,"1":0,"2":0},"b":{"0":[6,0]}}
,"C:\\Users\\STRIDeR\\Desktop\\React\\RS_React\\src\\components\\details\\DetailsComponent.tsx": {"path":"C:\\Users\\STRIDeR\\Desktop\\React\\RS_React\\src\\components\\details\\DetailsComponent.tsx","statementMap":{"0":{"start":{"line":1,"column":0},"end":{"line":1,"column":32}},"1":{"start":{"line":4,"column":25},"end":{"line":36,"column":1}},"2":{"start":{"line":5,"column":2},"end":{"line":35,"column":4}},"3":{"start":{"line":38,"column":0},"end":{"line":38,"column":32}}},"fnMap":{"0":{"name":"(anonymous_0)","decl":{"start":{"line":4,"column":25},"end":{"line":4,"column":26}},"loc":{"start":{"line":4,"column":44},"end":{"line":36,"column":1}}}},"branchMap":{"0":{"loc":{"start":{"line":11,"column":12},"end":{"line":11,"column":null}},"type":"binary-expr","locations":[{"start":{"line":11,"column":12},"end":{"line":11,"column":28}},{"start":{"line":11,"column":32},"end":{"line":11,"column":null}}]}},"s":{"0":1,"1":1,"2":0,"3":1},"f":{"0":0},"b":{"0":[0,0]}}
,"C:\\Users\\STRIDeR\\Desktop\\React\\RS_React\\src\\components\\main\\MainComponent.tsx": {"path":"C:\\Users\\STRIDeR\\Desktop\\React\\RS_React\\src\\components\\main\\MainComponent.tsx","statementMap":{"0":{"start":{"line":1,"column":0},"end":{"line":1,"column":65}},"1":{"start":{"line":2,"column":0},"end":{"line":2,"column":20}},"2":{"start":{"line":3,"column":0},"end":{"line":3,"column":35}},"3":{"start":{"line":4,"column":0},"end":{"line":4,"column":69}},"4":{"start":{"line":6,"column":0},"end":{"line":6,"column":54}},"5":{"start":{"line":7,"column":0},"end":{"line":7,"column":63}},"6":{"start":{"line":8,"column":0},"end":{"line":8,"column":59}},"7":{"start":{"line":10,"column":22},"end":{"line":75,"column":1}},"8":{"start":{"line":11,"column":25},"end":{"line":11,"column":54}},"9":{"start":{"line":12,"column":45},"end":{"line":12,"column":71}},"10":{"start":{"line":14,"column":22},"end":{"line":16,"column":3}},"11":{"start":{"line":15,"column":4},"end":{"line":15,"column":24}},"12":{"start":{"line":41,"column":2},"end":{"line":74,"column":4}},"13":{"start":{"line":50,"column":16},"end":{"line":51,"column":null}},"14":{"start":{"line":77,"column":0},"end":{"line":77,"column":29}}},"fnMap":{"0":{"name":"(anonymous_1)","decl":{"start":{"line":10,"column":22},"end":{"line":10,"column":23}},"loc":{"start":{"line":10,"column":43},"end":{"line":75,"column":1}}},"1":{"name":"(anonymous_2)","decl":{"start":{"line":14,"column":22},"end":{"line":14,"column":25}},"loc":{"start":{"line":14,"column":27},"end":{"line":16,"column":3}}},"2":{"name":"(anonymous_3)","decl":{"start":{"line":49,"column":14},"end":{"line":49,"column":15}},"loc":{"start":{"line":50,"column":16},"end":{"line":51,"column":null}}}},"branchMap":{"0":{"loc":{"start":{"line":43,"column":7},"end":{"line":65,"column":null}},"type":"cond-expr","locations":[{"start":{"line":44,"column":8},"end":{"line":44,"column":18}},{"start":{"line":46,"column":8},"end":{"line":64,"column":null}}]},"1":{"loc":{"start":{"line":47,"column":11},"end":{"line":63,"column":null}},"type":"cond-expr","locations":[{"start":{"line":48,"column":12},"end":{"line":60,"column":null}},{"start":{"line":63,"column":12},"end":{"line":63,"column":67}}]},"2":{"loc":{"start":{"line":68,"column":7},"end":{"line":72,"column":14}},"type":"cond-expr","locations":[{"start":{"line":69,"column":8},"end":{"line":69,"column":18}},{"start":{"line":70,"column":10},"end":{"line":72,"column":14}}]},"3":{"loc":{"start":{"line":70,"column":10},"end":{"line":72,"column":14}},"type":"cond-expr","locations":[{"start":{"line":71,"column":8},"end":{"line":71,"column":52}},{"start":{"line":72,"column":10},"end":{"line":72,"column":14}}]}},"s":{"0":1,"1":1,"2":1,"3":1,"4":1,"5":1,"6":1,"7":1,"8":2,"9":2,"10":2,"11":0,"12":2,"13":4,"14":1},"f":{"0":2,"1":0,"2":4},"b":{"0":[0,2],"1":[1,1],"2":[0,2],"3":[0,2]}}
,"C:\\Users\\STRIDeR\\Desktop\\React\\RS_React\\src\\contexts\\CharactersContext.tsx": {"path":"C:\\Users\\STRIDeR\\Desktop\\React\\RS_React\\src\\contexts\\CharactersContext.tsx","statementMap":{"0":{"start":{"line":1,"column":0},"end":{"line":1,"column":38}},"1":{"start":{"line":9,"column":13},"end":{"line":12,"column":3}}},"fnMap":{"0":{"name":"(anonymous_0)","decl":{"start":{"line":11,"column":17},"end":{"line":11,"column":20}},"loc":{"start":{"line":11,"column":22},"end":{"line":11,"column":25}}}},"branchMap":{},"s":{"0":1,"1":1},"f":{"0":0},"b":{}}
,"C:\\Users\\STRIDeR\\Desktop\\React\\RS_React\\src\\contexts\\DetailsContext.tsx": {"path":"C:\\Users\\STRIDeR\\Desktop\\React\\RS_React\\src\\contexts\\DetailsContext.tsx","statementMap":{"0":{"start":{"line":1,"column":0},"end":{"line":1,"column":38}},"1":{"start":{"line":8,"column":13},"end":{"line":11,"column":3}}},"fnMap":{"0":{"name":"(anonymous_0)","decl":{"start":{"line":10,"column":20},"end":{"line":10,"column":23}},"loc":{"start":{"line":10,"column":25},"end":{"line":10,"column":28}}}},"branchMap":{},"s":{"0":2,"1":2},"f":{"0":0},"b":{}}
}
