TN:
SF:src\UI\loader\Loader.component.tsx
FN:3,(anonymous_0)
FNF:1
FNH:0
FNDA:0,(anonymous_0)
DA:1,1
DA:3,1
DA:4,0
DA:7,1
LF:4
LH:3
BRF:0
BRH:0
end_of_record
TN:
SF:src\components\character\CharacterComponent.tsx
FN:6,(anonymous_1)
FN:9,(anonymous_2)
FN:15,(anonymous_3)
FNF:3
FNH:1
FNDA:6,(anonymous_1)
FNDA:0,(anonymous_2)
FNDA:0,(anonymous_3)
DA:2,2
DA:3,2
DA:4,2
DA:6,2
DA:7,6
DA:9,6
DA:10,0
DA:11,0
DA:14,6
DA:15,0
DA:28,2
LF:11
LH:8
BRDA:19,0,0,6
BRDA:19,0,1,0
BRF:2
BRH:1
end_of_record
TN:
SF:src\components\details\DetailsComponent.tsx
FN:4,(anonymous_0)
FNF:1
FNH:0
FNDA:0,(anonymous_0)
DA:1,1
DA:4,1
DA:5,0
DA:38,1
LF:4
LH:3
BRDA:11,0,0,0
BRDA:11,0,1,0
BRF:2
BRH:0
end_of_record
TN:
SF:src\components\main\MainComponent.tsx
FN:10,(anonymous_1)
FN:14,(anonymous_2)
FN:49,(anonymous_3)
FNF:3
FNH:2
FNDA:2,(anonymous_1)
FNDA:0,(anonymous_2)
FNDA:4,(anonymous_3)
DA:1,1
DA:2,1
DA:3,1
DA:4,1
DA:6,1
DA:7,1
DA:8,1
DA:10,1
DA:11,2
DA:12,2
DA:14,2
DA:15,0
DA:41,2
DA:50,4
DA:77,1
LF:15
LH:14
BRDA:43,0,0,0
BRDA:43,0,1,2
BRDA:47,1,0,1
BRDA:47,1,1,1
BRDA:68,2,0,0
BRDA:68,2,1,2
BRDA:70,3,0,0
BRDA:70,3,1,2
BRF:8
BRH:5
end_of_record
TN:
SF:src\contexts\CharactersContext.tsx
FN:11,(anonymous_0)
FNF:1
FNH:0
FNDA:0,(anonymous_0)
DA:1,1
DA:9,1
LF:2
LH:2
BRF:0
BRH:0
end_of_record
TN:
SF:src\contexts\DetailsContext.tsx
FN:10,(anonymous_0)
FNF:1
FNH:0
FNDA:0,(anonymous_0)
DA:1,2
DA:8,2
LF:2
LH:2
BRF:0
BRH:0
end_of_record
