TN:
SF:src\UI\loader\Loader.component.tsx
FN:3,(anonymous_0)
FNF:1
FNH:0
FNDA:0,(anonymous_0)
DA:1,1
DA:3,1
DA:4,0
DA:7,1
LF:4
LH:3
BRF:0
BRH:0
end_of_record
TN:
SF:src\components\character\CharacterComponent.tsx
FN:6,(anonymous_1)
FN:9,(anonymous_2)
FN:15,(anonymous_3)
FNF:3
FNH:1
FNDA:5,(anonymous_1)
FNDA:0,(anonymous_2)
FNDA:0,(anonymous_3)
DA:2,2
DA:3,2
DA:4,2
DA:6,2
DA:7,5
DA:9,5
DA:10,0
DA:11,0
DA:14,5
DA:15,0
DA:28,2
LF:11
LH:8
BRDA:19,0,0,5
BRDA:19,0,1,0
BRF:2
BRH:1
end_of_record
TN:
SF:src\components\details\DetailsComponent.tsx
FN:4,(anonymous_0)
FNF:1
FNH:1
FNDA:1,(anonymous_0)
DA:1,2
DA:4,2
DA:5,1
DA:42,2
LF:4
LH:4
BRDA:11,0,0,1
BRDA:11,0,1,0
BRF:2
BRH:1
end_of_record
TN:
SF:src\components\main\MainComponent.tsx
FN:10,(anonymous_1)
FN:14,(anonymous_2)
FN:25,(anonymous_3)
FNF:3
FNH:2
FNDA:2,(anonymous_1)
FNDA:0,(anonymous_2)
FNDA:4,(anonymous_3)
DA:1,1
DA:2,1
DA:3,1
DA:4,1
DA:6,1
DA:7,1
DA:8,1
DA:10,1
DA:11,2
DA:12,2
DA:14,2
DA:15,0
DA:18,2
DA:26,4
DA:43,1
LF:15
LH:14
BRDA:20,0,0,0
BRDA:20,0,1,2
BRDA:24,1,0,1
BRDA:24,1,1,1
BRDA:34,2,0,0
BRDA:34,2,1,2
BRDA:36,3,0,0
BRDA:36,3,1,2
BRF:8
BRH:5
end_of_record
TN:
SF:src\components\search\SearchComponent.tsx
FN:6,SearchComponent
FN:13,(anonymous_1)
FN:18,(anonymous_2)
FNF:3
FNH:3
FNDA:3,SearchComponent
FNDA:1,(anonymous_1)
FNDA:1,(anonymous_2)
DA:1,1
DA:2,1
DA:3,1
DA:4,1
DA:7,3
DA:8,3
DA:9,3
DA:13,3
DA:14,1
DA:15,1
DA:18,3
DA:19,1
DA:20,1
DA:21,1
DA:22,1
DA:25,3
DA:42,1
LF:17
LH:17
BRDA:10,0,0,3
BRDA:10,0,1,2
BRF:2
BRH:2
end_of_record
TN:
SF:src\contexts\CharactersContext.tsx
FN:11,(anonymous_0)
FNF:1
FNH:0
FNDA:0,(anonymous_0)
DA:1,1
DA:9,1
LF:2
LH:2
BRF:0
BRH:0
end_of_record
TN:
SF:src\contexts\DetailsContext.tsx
FN:10,(anonymous_0)
FNF:1
FNH:0
FNDA:0,(anonymous_0)
DA:1,2
DA:8,2
LF:2
LH:2
BRF:0
BRH:0
end_of_record
TN:
SF:src\contexts\PageContext.tsx
FN:12,(anonymous_0)
FN:14,(anonymous_1)
FNF:2
FNH:1
FNDA:0,(anonymous_0)
FNDA:1,(anonymous_1)
DA:1,1
DA:10,1
LF:2
LH:2
BRF:0
BRH:0
end_of_record
TN:
SF:src\contexts\SearchContext.tsx
FN:10,(anonymous_0)
FNF:1
FNH:1
FNDA:1,(anonymous_0)
DA:1,1
DA:8,1
LF:2
LH:2
BRF:0
BRH:0
end_of_record
